DEBUG 2012-06-13 12:50:04,955 [14] - Finishing setting user : (C:\Users\james.bloom\Documents\Visual Studio 2010\Projects\BurritoPOSServer\BurritoPOSServer\service\Mongo\UserSvcMongoImpl.cs:80) 
DEBUG 2012-06-13 12:50:04,970 [Socket Thread 1] - OUPUT | Burrito POS Server Connected. Enter Username:  : (C:\Users\james.bloom\Documents\Visual Studio 2010\Projects\BurritoPOSServer\BurritoPOSServer\business\SocketManager.cs:144) 
DEBUG 2012-06-13 12:50:04,971 [Socket Thread 1] - In public status update | msg:   - 192.168.117.1:59488 | OUTPUT | Burrito POS Server Connected. Enter Username:  : (C:\Users\james.bloom\Documents\Visual Studio 2010\Projects\BurritoPOSServer\BurritoPOSServer\business\ConnectionManager.cs:155) 
DEBUG 2012-06-13 12:50:04,971 [Socket Thread 1] - In readObject : (C:\Users\james.bloom\Documents\Visual Studio 2010\Projects\BurritoPOSServer\BurritoPOSServer\business\SocketManager.cs:161) 
DEBUG 2012-06-13 12:50:04,972 [14] - sManagers Count: 1 : (C:\Users\james.bloom\Documents\Visual Studio 2010\Projects\BurritoPOSServer\BurritoPOSServer\business\ConnectionManager.cs:121) 
DEBUG 2012-06-13 12:50:04,972 [14] - sThreads Count: 1 : (C:\Users\james.bloom\Documents\Visual Studio 2010\Projects\BurritoPOSServer\BurritoPOSServer\business\ConnectionManager.cs:121) 
DEBUG 2012-06-13 12:50:07,944 [TestRunnerThread] - In readObject : (C:\Users\james.bloom\Documents\Visual Studio 2010\Projects\BurritoPOSServer\BurritoPOSServer\business\test\ConnectionManagerTestCase.cs:321) 
DEBUG 2012-06-13 12:50:07,945 [TestRunnerThread] - INPUT | Burrito POS Server Connected. Enter Username: : (C:\Users\james.bloom\Documents\Visual Studio 2010\Projects\BurritoPOSServer\BurritoPOSServer\business\test\ConnectionManagerTestCase.cs:329) 
DEBUG 2012-06-13 12:50:07,945 [TestRunnerThread] - OUPUT | testUser : (C:\Users\james.bloom\Documents\Visual Studio 2010\Projects\BurritoPOSServer\BurritoPOSServer\business\test\ConnectionManagerTestCase.cs:307) 
DEBUG 2012-06-13 12:50:07,946 [TestRunnerThread] - In readObject : (C:\Users\james.bloom\Documents\Visual Studio 2010\Projects\BurritoPOSServer\BurritoPOSServer\business\test\ConnectionManagerTestCase.cs:321) 
DEBUG 2012-06-13 12:50:07,947 [Socket Thread 1] - INPUT | testUser : (C:\Users\james.bloom\Documents\Visual Studio 2010\Projects\BurritoPOSServer\BurritoPOSServer\business\SocketManager.cs:170) 
DEBUG 2012-06-13 12:50:07,947 [Socket Thread 1] - In public status update | msg:   - 192.168.117.1:59488 | INPUT | testUser : (C:\Users\james.bloom\Documents\Visual Studio 2010\Projects\BurritoPOSServer\BurritoPOSServer\business\ConnectionManager.cs:155) 
DEBUG 2012-06-13 12:50:07,948 [Socket Thread 1] - OUPUT | OK User testUser, enter password:  : (C:\Users\james.bloom\Documents\Visual Studio 2010\Projects\BurritoPOSServer\BurritoPOSServer\business\SocketManager.cs:144) 
DEBUG 2012-06-13 12:50:07,948 [Socket Thread 1] - In public status update | msg:   - 192.168.117.1:59488 | OUTPUT | OK User testUser, enter password:  : (C:\Users\james.bloom\Documents\Visual Studio 2010\Projects\BurritoPOSServer\BurritoPOSServer\business\ConnectionManager.cs:155) 
DEBUG 2012-06-13 12:50:07,948 [Socket Thread 1] - In readObject : (C:\Users\james.bloom\Documents\Visual Studio 2010\Projects\BurritoPOSServer\BurritoPOSServer\business\SocketManager.cs:161) 
DEBUG 2012-06-13 12:50:07,950 [TestRunnerThread] - INPUT | OK User testUser, enter password: : (C:\Users\james.bloom\Documents\Visual Studio 2010\Projects\BurritoPOSServer\BurritoPOSServer\business\test\ConnectionManagerTestCase.cs:329) 
DEBUG 2012-06-13 12:50:07,950 [TestRunnerThread] - OUPUT | testPass123 : (C:\Users\james.bloom\Documents\Visual Studio 2010\Projects\BurritoPOSServer\BurritoPOSServer\business\test\ConnectionManagerTestCase.cs:307) 
DEBUG 2012-06-13 12:50:07,951 [TestRunnerThread] - In readObject : (C:\Users\james.bloom\Documents\Visual Studio 2010\Projects\BurritoPOSServer\BurritoPOSServer\business\test\ConnectionManagerTestCase.cs:321) 
DEBUG 2012-06-13 12:50:07,951 [Socket Thread 1] - INPUT | testPass123 : (C:\Users\james.bloom\Documents\Visual Studio 2010\Projects\BurritoPOSServer\BurritoPOSServer\business\SocketManager.cs:170) 
DEBUG 2012-06-13 12:50:07,952 [Socket Thread 1] - In public status update | msg:   - 192.168.117.1:59488 | INPUT | testPass123 : (C:\Users\james.bloom\Documents\Visual Studio 2010\Projects\BurritoPOSServer\BurritoPOSServer\business\ConnectionManager.cs:155) 
DEBUG 2012-06-13 12:50:07,953 [Socket Thread 1] - Username: testUser | Password: testPass123 : (C:\Users\james.bloom\Documents\Visual Studio 2010\Projects\BurritoPOSServer\BurritoPOSServer\business\SocketManager.cs:94) 
DEBUG 2012-06-13 12:50:07,953 [Socket Thread 1] - Stored user: testUser | Password: $2a$10$Zd4.upDm.K6aG0rUCVJRZeYBWv3zwKK70is929WWRyvjrADxI9OMm : (C:\Users\james.bloom\Documents\Visual Studio 2010\Projects\BurritoPOSServer\BurritoPOSServer\business\SocketManager.cs:98) 
DEBUG 2012-06-13 12:50:08,078 [Socket Thread 1] - OUPUT | OK User verified. Enter command:  : (C:\Users\james.bloom\Documents\Visual Studio 2010\Projects\BurritoPOSServer\BurritoPOSServer\business\SocketManager.cs:144) 
DEBUG 2012-06-13 12:50:08,078 [Socket Thread 1] - In public status update | msg:   - 192.168.117.1:59488 | OUTPUT | OK User verified. Enter command:  : (C:\Users\james.bloom\Documents\Visual Studio 2010\Projects\BurritoPOSServer\BurritoPOSServer\business\ConnectionManager.cs:155) 
DEBUG 2012-06-13 12:50:08,078 [Socket Thread 1] - In readObject : (C:\Users\james.bloom\Documents\Visual Studio 2010\Projects\BurritoPOSServer\BurritoPOSServer\business\SocketManager.cs:161) 
DEBUG 2012-06-13 12:50:08,079 [TestRunnerThread] - INPUT | OK User verified. Enter command: : (C:\Users\james.bloom\Documents\Visual Studio 2010\Projects\BurritoPOSServer\BurritoPOSServer\business\test\ConnectionManagerTestCase.cs:329) 
DEBUG 2012-06-13 12:50:08,079 [TestRunnerThread] - OUPUT | exit : (C:\Users\james.bloom\Documents\Visual Studio 2010\Projects\BurritoPOSServer\BurritoPOSServer\business\test\ConnectionManagerTestCase.cs:307) 
DEBUG 2012-06-13 12:50:08,079 [Socket Thread 1] - INPUT | exit : (C:\Users\james.bloom\Documents\Visual Studio 2010\Projects\BurritoPOSServer\BurritoPOSServer\business\SocketManager.cs:170) 
DEBUG 2012-06-13 12:50:08,080 [TestRunnerThread] - setting exit: True : (C:\Users\james.bloom\Documents\Visual Studio 2010\Projects\BurritoPOSServer\BurritoPOSServer\business\ConnectionManager.cs:137) 
DEBUG 2012-06-13 12:50:08,080 [TestRunnerThread] - Set exit.  Sleeping 3 secs before checking status : (C:\Users\james.bloom\Documents\Visual Studio 2010\Projects\BurritoPOSServer\BurritoPOSServer\business\test\ConnectionManagerTestCase.cs:277) 
DEBUG 2012-06-13 12:50:08,080 [Socket Thread 1] - In public status update | msg:   - 192.168.117.1:59488 | INPUT | exit : (C:\Users\james.bloom\Documents\Visual Studio 2010\Projects\BurritoPOSServer\BurritoPOSServer\business\ConnectionManager.cs:155) 
DEBUG 2012-06-13 12:50:08,080 [Socket Thread 1] - setExit: True : (C:\Users\james.bloom\Documents\Visual Studio 2010\Projects\BurritoPOSServer\BurritoPOSServer\business\SocketManager.cs:202) 
DEBUG 2012-06-13 12:50:08,080 [Socket Thread 1] - In public status update | msg:   - 192.168.117.1:59488 | Disconnecting client : (C:\Users\james.bloom\Documents\Visual Studio 2010\Projects\BurritoPOSServer\BurritoPOSServer\business\ConnectionManager.cs:155) 
DEBUG 2012-06-13 12:50:08,080 [Server Thread] - setExit: True : (C:\Users\james.bloom\Documents\Visual Studio 2010\Projects\BurritoPOSServer\BurritoPOSServer\business\SocketManager.cs:202) 
DEBUG 2012-06-13 12:50:08,081 [Server Thread] - Closing the listener... : (C:\Users\james.bloom\Documents\Visual Studio 2010\Projects\BurritoPOSServer\BurritoPOSServer\business\ConnectionManager.cs:87) 
 INFO 2012-06-13 12:50:11,081 [TestRunnerThread] - Entering method deleteUser | ID:1 : (C:\Users\james.bloom\Documents\Visual Studio 2010\Projects\BurritoPOSServer\BurritoPOSServer\service\Mongo\UserSvcMongoImpl.cs:174) 
DEBUG 2012-06-13 12:50:11,082 [TestRunnerThread] - SafeModeResult: True : (C:\Users\james.bloom\Documents\Visual Studio 2010\Projects\BurritoPOSServer\BurritoPOSServer\service\Mongo\UserSvcMongoImpl.cs:191) 
DEBUG 2012-06-13 12:50:14,361 [TestRunnerThread] - curKey: IUserSvcvalue: BurritoPOSServer.service.Mongo.UserSvcMongoImplhashmap size: 1 : (C:\Users\james.bloom\Documents\Visual Studio 2010\Projects\BurritoPOSServer\BurritoPOSServer\service\Factory.cs:131) 
DEBUG 2012-06-13 12:50:14,490 [TestRunnerThread] - In getServicename: IUserSvc : (C:\Users\james.bloom\Documents\Visual Studio 2010\Projects\BurritoPOSServer\BurritoPOSServer\service\Factory.cs:65) 
DEBUG 2012-06-13 12:50:14,490 [TestRunnerThread] - Got BurritoPOSServer.service.Mongo.UserSvcMongoImpl from properties.xml file for name: IUserSvc : (C:\Users\james.bloom\Documents\Visual Studio 2010\Projects\BurritoPOSServer\BurritoPOSServer\service\Factory.cs:94) 
 INFO 2012-06-13 12:50:14,497 [TestRunnerThread] - Entering method storeUser | ID: 1 : (C:\Users\james.bloom\Documents\Visual Studio 2010\Projects\BurritoPOSServer\BurritoPOSServer\service\Mongo\UserSvcMongoImpl.cs:104) 
DEBUG 2012-06-13 12:50:14,498 [TestRunnerThread] - Finding if user exists : (C:\Users\james.bloom\Documents\Visual Studio 2010\Projects\BurritoPOSServer\BurritoPOSServer\service\Mongo\UserSvcMongoImpl.cs:119) 
DEBUG 2012-06-13 12:50:14,499 [TestRunnerThread] - Inserting user : (C:\Users\james.bloom\Documents\Visual Studio 2010\Projects\BurritoPOSServer\BurritoPOSServer\service\Mongo\UserSvcMongoImpl.cs:128) 
 INFO 2012-06-13 12:50:14,499 [TestRunnerThread] - Entering method getUser | ID: 1 : (C:\Users\james.bloom\Documents\Visual Studio 2010\Projects\BurritoPOSServer\BurritoPOSServer\service\Mongo\UserSvcMongoImpl.cs:53) 
DEBUG 2012-06-13 12:50:14,499 [TestRunnerThread] - myDoc: { "_id" : ObjectId("4fd8e0e6559a4e1eb8dab219"), "id" : 1, "username" : "JimB", "password" : "$2a$10$1.jeO.seF2UxMldQunldSOzj.tWihbmKnrKCMWt4vetqwkMlB.obe" } : (C:\Users\james.bloom\Documents\Visual Studio 2010\Projects\BurritoPOSServer\BurritoPOSServer\service\Mongo\UserSvcMongoImpl.cs:75) 
DEBUG 2012-06-13 12:50:14,500 [TestRunnerThread] - Finishing setting user : (C:\Users\james.bloom\Documents\Visual Studio 2010\Projects\BurritoPOSServer\BurritoPOSServer\service\Mongo\UserSvcMongoImpl.cs:80) 
 INFO 2012-06-13 12:50:14,752 [TestRunnerThread] - Entering method storeUser | ID: 1 : (C:\Users\james.bloom\Documents\Visual Studio 2010\Projects\BurritoPOSServer\BurritoPOSServer\service\Mongo\UserSvcMongoImpl.cs:104) 
DEBUG 2012-06-13 12:50:14,753 [TestRunnerThread] - Finding if user exists : (C:\Users\james.bloom\Documents\Visual Studio 2010\Projects\BurritoPOSServer\BurritoPOSServer\service\Mongo\UserSvcMongoImpl.cs:119) 
DEBUG 2012-06-13 12:50:14,755 [TestRunnerThread] - Updating user : (C:\Users\james.bloom\Documents\Visual Studio 2010\Projects\BurritoPOSServer\BurritoPOSServer\service\Mongo\UserSvcMongoImpl.cs:137) 
DEBUG 2012-06-13 12:50:14,755 [TestRunnerThread] - myDoc: { "_id" : ObjectId("4fd8e0e6559a4e1eb8dab219"), "id" : 1, "username" : "JimB", "password" : "$2a$10$1.jeO.seF2UxMldQunldSOzj.tWihbmKnrKCMWt4vetqwkMlB.obe" } : (C:\Users\james.bloom\Documents\Visual Studio 2010\Projects\BurritoPOSServer\BurritoPOSServer\service\Mongo\UserSvcMongoImpl.cs:138) 
DEBUG 2012-06-13 12:50:14,755 [TestRunnerThread] - update Query: { "id" : 1, "username" : "JimB", "password" : "$2a$10$U6yHviiLpJch0bCnDLct1uWdsLO8waJ5pi5437XcT3rqNPajCy4aC" } : (C:\Users\james.bloom\Documents\Visual Studio 2010\Projects\BurritoPOSServer\BurritoPOSServer\service\Mongo\UserSvcMongoImpl.cs:140) 
DEBUG 2012-06-13 12:50:14,757 [TestRunnerThread] - SafeModeResult: True : (C:\Users\james.bloom\Documents\Visual Studio 2010\Projects\BurritoPOSServer\BurritoPOSServer\service\Mongo\UserSvcMongoImpl.cs:143) 
 INFO 2012-06-13 12:50:14,758 [TestRunnerThread] - Entering method deleteUser | ID:1 : (C:\Users\james.bloom\Documents\Visual Studio 2010\Projects\BurritoPOSServer\BurritoPOSServer\service\Mongo\UserSvcMongoImpl.cs:174) 
DEBUG 2012-06-13 12:50:14,758 [TestRunnerThread] - SafeModeResult: True : (C:\Users\james.bloom\Documents\Visual Studio 2010\Projects\BurritoPOSServer\BurritoPOSServer\service\Mongo\UserSvcMongoImpl.cs:191) 
DEBUG 2012-06-13 13:03:25,752 [Server Thread] - Local address and port: 192.168.117.1 | 8000 : (C:\Users\james.bloom\Documents\Visual Studio 2010\Projects\BurritoPOSServer\BurritoPOSServer\business\ConnectionManager.cs:48) 
DEBUG 2012-06-13 13:03:25,767 [Server Thread] - Waiting for a connection... : (C:\Users\james.bloom\Documents\Visual Studio 2010\Projects\BurritoPOSServer\BurritoPOSServer\business\ConnectionManager.cs:63) 
DEBUG 2012-06-13 13:03:25,737 [TestRunnerThread] - Connection Manager thread started.  Sleeping 3 secs before checking status : (C:\Users\james.bloom\Documents\Visual Studio 2010\Projects\BurritoPOSServer\BurritoPOSServer\business\test\ConnectionManagerTestCase.cs:75) 
DEBUG 2012-06-13 13:03:28,774 [TestRunnerThread] - Local address and port: 192.168.117.1 | 8000 : (C:\Users\james.bloom\Documents\Visual Studio 2010\Projects\BurritoPOSServer\BurritoPOSServer\business\test\ConnectionManagerTestCase.cs:87) 
DEBUG 2012-06-13 13:03:28,775 [TestRunnerThread] - Client connected.  Sleeping 3 secs before checking status : (C:\Users\james.bloom\Documents\Visual Studio 2010\Projects\BurritoPOSServer\BurritoPOSServer\business\test\ConnectionManagerTestCase.cs:94) 
DEBUG 2012-06-13 13:03:28,779 [Server Thread] - Waiting for a connection... : (C:\Users\james.bloom\Documents\Visual Studio 2010\Projects\BurritoPOSServer\BurritoPOSServer\business\ConnectionManager.cs:63) 
DEBUG 2012-06-13 13:03:28,779 [5] - Got a new connection : (C:\Users\james.bloom\Documents\Visual Studio 2010\Projects\BurritoPOSServer\BurritoPOSServer\business\ConnectionManager.cs:112) 
 INFO 2012-06-13 13:03:28,797 [5] - Entering method getAllUsers : (C:\Users\james.bloom\Documents\Visual Studio 2010\Projects\BurritoPOSServer\BurritoPOSServer\service\Mongo\UserSvcMongoImpl.cs:221) 
 INFO 2012-06-13 13:03:28,984 [5] - Entering method getUser | ID: 777 : (C:\Users\james.bloom\Documents\Visual Studio 2010\Projects\BurritoPOSServer\BurritoPOSServer\service\Mongo\UserSvcMongoImpl.cs:53) 
DEBUG 2012-06-13 13:03:28,993 [5] - myDoc: { "_id" : ObjectId("4fd8e239559a4e1a88ac51a9"), "id" : 777, "username" : "JimB", "password" : "$2a$10$iOE57E2b3Qc4NT8blmCnjO9Bb0nyHFIa8BX2By7PzillaOTFpW1Hm" } : (C:\Users\james.bloom\Documents\Visual Studio 2010\Projects\BurritoPOSServer\BurritoPOSServer\service\Mongo\UserSvcMongoImpl.cs:75) 
DEBUG 2012-06-13 13:03:28,994 [5] - Finishing setting user : (C:\Users\james.bloom\Documents\Visual Studio 2010\Projects\BurritoPOSServer\BurritoPOSServer\service\Mongo\UserSvcMongoImpl.cs:80) 
DEBUG 2012-06-13 13:03:29,004 [Socket Thread 1] - OUPUT | Burrito POS Server Connected. Enter Username:  : (C:\Users\james.bloom\Documents\Visual Studio 2010\Projects\BurritoPOSServer\BurritoPOSServer\business\SocketManager.cs:144) 
DEBUG 2012-06-13 13:03:29,005 [Socket Thread 1] - In public status update | msg:   - 192.168.117.1:59543 | OUTPUT | Burrito POS Server Connected. Enter Username:  : (C:\Users\james.bloom\Documents\Visual Studio 2010\Projects\BurritoPOSServer\BurritoPOSServer\business\ConnectionManager.cs:155) 
DEBUG 2012-06-13 13:03:29,006 [5] - sManagers Count: 1 : (C:\Users\james.bloom\Documents\Visual Studio 2010\Projects\BurritoPOSServer\BurritoPOSServer\business\ConnectionManager.cs:121) 
DEBUG 2012-06-13 13:03:29,007 [5] - sThreads Count: 1 : (C:\Users\james.bloom\Documents\Visual Studio 2010\Projects\BurritoPOSServer\BurritoPOSServer\business\ConnectionManager.cs:121) 
DEBUG 2012-06-13 13:03:29,007 [Socket Thread 1] - In readObject : (C:\Users\james.bloom\Documents\Visual Studio 2010\Projects\BurritoPOSServer\BurritoPOSServer\business\SocketManager.cs:161) 
DEBUG 2012-06-13 13:03:31,779 [Socket Thread 1] - setExit: True : (C:\Users\james.bloom\Documents\Visual Studio 2010\Projects\BurritoPOSServer\BurritoPOSServer\business\SocketManager.cs:202) 
DEBUG 2012-06-13 13:03:31,780 [Socket Thread 1] - In public status update | msg:   - 192.168.117.1:59543 | Disconnecting client : (C:\Users\james.bloom\Documents\Visual Studio 2010\Projects\BurritoPOSServer\BurritoPOSServer\business\ConnectionManager.cs:155) 
DEBUG 2012-06-13 13:03:31,784 [TestRunnerThread] - setting exit: True : (C:\Users\james.bloom\Documents\Visual Studio 2010\Projects\BurritoPOSServer\BurritoPOSServer\business\ConnectionManager.cs:137) 
DEBUG 2012-06-13 13:03:31,785 [Server Thread] - setExit: True : (C:\Users\james.bloom\Documents\Visual Studio 2010\Projects\BurritoPOSServer\BurritoPOSServer\business\SocketManager.cs:202) 
DEBUG 2012-06-13 13:03:31,786 [Server Thread] - Closing the listener... : (C:\Users\james.bloom\Documents\Visual Studio 2010\Projects\BurritoPOSServer\BurritoPOSServer\business\ConnectionManager.cs:87) 
DEBUG 2012-06-13 13:03:31,785 [TestRunnerThread] - Set exit.  Sleeping 3 secs before checking status : (C:\Users\james.bloom\Documents\Visual Studio 2010\Projects\BurritoPOSServer\BurritoPOSServer\business\test\ConnectionManagerTestCase.cs:114) 
DEBUG 2012-06-13 13:03:34,810 [TestRunnerThread] - Connection Manager thread started.  Sleeping 3 secs before checking status : (C:\Users\james.bloom\Documents\Visual Studio 2010\Projects\BurritoPOSServer\BurritoPOSServer\business\test\ConnectionManagerTestCase.cs:149) 
DEBUG 2012-06-13 13:03:34,813 [Server Thread] - Local address and port: 192.168.117.1 | 8000 : (C:\Users\james.bloom\Documents\Visual Studio 2010\Projects\BurritoPOSServer\BurritoPOSServer\business\ConnectionManager.cs:48) 
DEBUG 2012-06-13 13:03:34,814 [Server Thread] - Waiting for a connection... : (C:\Users\james.bloom\Documents\Visual Studio 2010\Projects\BurritoPOSServer\BurritoPOSServer\business\ConnectionManager.cs:63) 
DEBUG 2012-06-13 13:03:37,812 [TestRunnerThread] - Local address and port: 192.168.117.1 | 8000 : (C:\Users\james.bloom\Documents\Visual Studio 2010\Projects\BurritoPOSServer\BurritoPOSServer\business\test\ConnectionManagerTestCase.cs:161) 
DEBUG 2012-06-13 13:03:37,813 [TestRunnerThread] - Client connected.  Sleeping 3 secs before checking status : (C:\Users\james.bloom\Documents\Visual Studio 2010\Projects\BurritoPOSServer\BurritoPOSServer\business\test\ConnectionManagerTestCase.cs:168) 
DEBUG 2012-06-13 13:03:37,813 [Server Thread] - Waiting for a connection... : (C:\Users\james.bloom\Documents\Visual Studio 2010\Projects\BurritoPOSServer\BurritoPOSServer\business\ConnectionManager.cs:63) 
DEBUG 2012-06-13 13:03:37,813 [5] - Got a new connection : (C:\Users\james.bloom\Documents\Visual Studio 2010\Projects\BurritoPOSServer\BurritoPOSServer\business\ConnectionManager.cs:112) 
 INFO 2012-06-13 13:03:37,824 [5] - Entering method getAllUsers : (C:\Users\james.bloom\Documents\Visual Studio 2010\Projects\BurritoPOSServer\BurritoPOSServer\service\Mongo\UserSvcMongoImpl.cs:221) 
 INFO 2012-06-13 13:03:37,825 [5] - Entering method getUser | ID: 777 : (C:\Users\james.bloom\Documents\Visual Studio 2010\Projects\BurritoPOSServer\BurritoPOSServer\service\Mongo\UserSvcMongoImpl.cs:53) 
DEBUG 2012-06-13 13:03:37,826 [5] - myDoc: { "_id" : ObjectId("4fd8e239559a4e1a88ac51a9"), "id" : 777, "username" : "JimB", "password" : "$2a$10$iOE57E2b3Qc4NT8blmCnjO9Bb0nyHFIa8BX2By7PzillaOTFpW1Hm" } : (C:\Users\james.bloom\Documents\Visual Studio 2010\Projects\BurritoPOSServer\BurritoPOSServer\service\Mongo\UserSvcMongoImpl.cs:75) 
DEBUG 2012-06-13 13:03:37,826 [5] - Finishing setting user : (C:\Users\james.bloom\Documents\Visual Studio 2010\Projects\BurritoPOSServer\BurritoPOSServer\service\Mongo\UserSvcMongoImpl.cs:80) 
DEBUG 2012-06-13 13:03:37,831 [5] - sManagers Count: 1 : (C:\Users\james.bloom\Documents\Visual Studio 2010\Projects\BurritoPOSServer\BurritoPOSServer\business\ConnectionManager.cs:121) 
DEBUG 2012-06-13 13:03:37,831 [5] - sThreads Count: 1 : (C:\Users\james.bloom\Documents\Visual Studio 2010\Projects\BurritoPOSServer\BurritoPOSServer\business\ConnectionManager.cs:121) 
DEBUG 2012-06-13 13:03:37,831 [Socket Thread 1] - OUPUT | Burrito POS Server Connected. Enter Username:  : (C:\Users\james.bloom\Documents\Visual Studio 2010\Projects\BurritoPOSServer\BurritoPOSServer\business\SocketManager.cs:144) 
DEBUG 2012-06-13 13:03:37,832 [Socket Thread 1] - In public status update | msg:   - 192.168.117.1:59545 | OUTPUT | Burrito POS Server Connected. Enter Username:  : (C:\Users\james.bloom\Documents\Visual Studio 2010\Projects\BurritoPOSServer\BurritoPOSServer\business\ConnectionManager.cs:155) 
DEBUG 2012-06-13 13:03:37,832 [Socket Thread 1] - In readObject : (C:\Users\james.bloom\Documents\Visual Studio 2010\Projects\BurritoPOSServer\BurritoPOSServer\business\SocketManager.cs:161) 
DEBUG 2012-06-13 13:03:40,814 [TestRunnerThread] - setting exit: True : (C:\Users\james.bloom\Documents\Visual Studio 2010\Projects\BurritoPOSServer\BurritoPOSServer\business\ConnectionManager.cs:137) 
DEBUG 2012-06-13 13:03:40,814 [Server Thread] - setExit: True : (C:\Users\james.bloom\Documents\Visual Studio 2010\Projects\BurritoPOSServer\BurritoPOSServer\business\SocketManager.cs:202) 
DEBUG 2012-06-13 13:03:40,815 [Server Thread] - In public status update | msg:   - 192.168.117.1:59545 | Disconnecting client : (C:\Users\james.bloom\Documents\Visual Studio 2010\Projects\BurritoPOSServer\BurritoPOSServer\business\ConnectionManager.cs:155) 
DEBUG 2012-06-13 13:03:40,814 [TestRunnerThread] - Set exit.  Sleeping 3 secs before checking status : (C:\Users\james.bloom\Documents\Visual Studio 2010\Projects\BurritoPOSServer\BurritoPOSServer\business\test\ConnectionManagerTestCase.cs:178) 
DEBUG 2012-06-13 13:03:40,815 [Socket Thread 1] - setExit: True : (C:\Users\james.bloom\Documents\Visual Studio 2010\Projects\BurritoPOSServer\BurritoPOSServer\business\SocketManager.cs:202) 
DEBUG 2012-06-13 13:03:40,816 [Server Thread] - Closing the listener... : (C:\Users\james.bloom\Documents\Visual Studio 2010\Projects\BurritoPOSServer\BurritoPOSServer\business\ConnectionManager.cs:87) 
 INFO 2012-06-13 13:03:43,952 [TestRunnerThread] - Entering method storeUser | ID: 1 : (C:\Users\james.bloom\Documents\Visual Studio 2010\Projects\BurritoPOSServer\BurritoPOSServer\service\Mongo\UserSvcMongoImpl.cs:104) 
DEBUG 2012-06-13 13:03:43,953 [TestRunnerThread] - Finding if user exists : (C:\Users\james.bloom\Documents\Visual Studio 2010\Projects\BurritoPOSServer\BurritoPOSServer\service\Mongo\UserSvcMongoImpl.cs:119) 
DEBUG 2012-06-13 13:03:43,954 [TestRunnerThread] - Inserting user : (C:\Users\james.bloom\Documents\Visual Studio 2010\Projects\BurritoPOSServer\BurritoPOSServer\service\Mongo\UserSvcMongoImpl.cs:128) 
DEBUG 2012-06-13 13:03:43,979 [TestRunnerThread] - Connection Manager thread started.  Sleeping 3 secs before checking status : (C:\Users\james.bloom\Documents\Visual Studio 2010\Projects\BurritoPOSServer\BurritoPOSServer\business\test\ConnectionManagerTestCase.cs:226) 
DEBUG 2012-06-13 13:03:43,981 [Server Thread] - Local address and port: 192.168.117.1 | 8000 : (C:\Users\james.bloom\Documents\Visual Studio 2010\Projects\BurritoPOSServer\BurritoPOSServer\business\ConnectionManager.cs:48) 
DEBUG 2012-06-13 13:03:43,982 [Server Thread] - Waiting for a connection... : (C:\Users\james.bloom\Documents\Visual Studio 2010\Projects\BurritoPOSServer\BurritoPOSServer\business\ConnectionManager.cs:63) 
DEBUG 2012-06-13 13:03:46,982 [TestRunnerThread] - Local address and port: 192.168.117.1 | 8000 : (C:\Users\james.bloom\Documents\Visual Studio 2010\Projects\BurritoPOSServer\BurritoPOSServer\business\test\ConnectionManagerTestCase.cs:238) 
DEBUG 2012-06-13 13:03:46,985 [TestRunnerThread] - Client connected.  Sleeping 3 secs before checking status : (C:\Users\james.bloom\Documents\Visual Studio 2010\Projects\BurritoPOSServer\BurritoPOSServer\business\test\ConnectionManagerTestCase.cs:245) 
DEBUG 2012-06-13 13:03:46,986 [5] - Got a new connection : (C:\Users\james.bloom\Documents\Visual Studio 2010\Projects\BurritoPOSServer\BurritoPOSServer\business\ConnectionManager.cs:112) 
DEBUG 2012-06-13 13:03:46,986 [Server Thread] - Waiting for a connection... : (C:\Users\james.bloom\Documents\Visual Studio 2010\Projects\BurritoPOSServer\BurritoPOSServer\business\ConnectionManager.cs:63) 
 INFO 2012-06-13 13:03:46,993 [5] - Entering method getAllUsers : (C:\Users\james.bloom\Documents\Visual Studio 2010\Projects\BurritoPOSServer\BurritoPOSServer\service\Mongo\UserSvcMongoImpl.cs:221) 
 INFO 2012-06-13 13:03:46,994 [5] - Entering method getUser | ID: 777 : (C:\Users\james.bloom\Documents\Visual Studio 2010\Projects\BurritoPOSServer\BurritoPOSServer\service\Mongo\UserSvcMongoImpl.cs:53) 
DEBUG 2012-06-13 13:03:46,995 [5] - myDoc: { "_id" : ObjectId("4fd8e239559a4e1a88ac51a9"), "id" : 777, "username" : "JimB", "password" : "$2a$10$iOE57E2b3Qc4NT8blmCnjO9Bb0nyHFIa8BX2By7PzillaOTFpW1Hm" } : (C:\Users\james.bloom\Documents\Visual Studio 2010\Projects\BurritoPOSServer\BurritoPOSServer\service\Mongo\UserSvcMongoImpl.cs:75) 
DEBUG 2012-06-13 13:03:46,995 [5] - Finishing setting user : (C:\Users\james.bloom\Documents\Visual Studio 2010\Projects\BurritoPOSServer\BurritoPOSServer\service\Mongo\UserSvcMongoImpl.cs:80) 
 INFO 2012-06-13 13:03:46,995 [5] - Entering method getUser | ID: 1 : (C:\Users\james.bloom\Documents\Visual Studio 2010\Projects\BurritoPOSServer\BurritoPOSServer\service\Mongo\UserSvcMongoImpl.cs:53) 
DEBUG 2012-06-13 13:03:46,996 [5] - myDoc: { "_id" : ObjectId("4fd8e40f559a4e0d04681da3"), "id" : 1, "username" : "JimB", "password" : "$2a$10$dc65/iJfmP4kNUfCgts8u.DxrJc5x7twxDd.H.MZn.r1KnrCDhqJK" } : (C:\Users\james.bloom\Documents\Visual Studio 2010\Projects\BurritoPOSServer\BurritoPOSServer\service\Mongo\UserSvcMongoImpl.cs:75) 
DEBUG 2012-06-13 13:03:46,996 [5] - Finishing setting user : (C:\Users\james.bloom\Documents\Visual Studio 2010\Projects\BurritoPOSServer\BurritoPOSServer\service\Mongo\UserSvcMongoImpl.cs:80) 
DEBUG 2012-06-13 13:03:46,997 [Socket Thread 1] - OUPUT | Burrito POS Server Connected. Enter Username:  : (C:\Users\james.bloom\Documents\Visual Studio 2010\Projects\BurritoPOSServer\BurritoPOSServer\business\SocketManager.cs:144) 
DEBUG 2012-06-13 13:03:46,997 [5] - sManagers Count: 1 : (C:\Users\james.bloom\Documents\Visual Studio 2010\Projects\BurritoPOSServer\BurritoPOSServer\business\ConnectionManager.cs:121) 
DEBUG 2012-06-13 13:03:46,997 [5] - sThreads Count: 1 : (C:\Users\james.bloom\Documents\Visual Studio 2010\Projects\BurritoPOSServer\BurritoPOSServer\business\ConnectionManager.cs:121) 
DEBUG 2012-06-13 13:03:46,997 [Socket Thread 1] - In public status update | msg:   - 192.168.117.1:59546 | OUTPUT | Burrito POS Server Connected. Enter Username:  : (C:\Users\james.bloom\Documents\Visual Studio 2010\Projects\BurritoPOSServer\BurritoPOSServer\business\ConnectionManager.cs:155) 
DEBUG 2012-06-13 13:03:46,998 [Socket Thread 1] - In readObject : (C:\Users\james.bloom\Documents\Visual Studio 2010\Projects\BurritoPOSServer\BurritoPOSServer\business\SocketManager.cs:161) 
DEBUG 2012-06-13 13:03:49,987 [TestRunnerThread] - In readObject : (C:\Users\james.bloom\Documents\Visual Studio 2010\Projects\BurritoPOSServer\BurritoPOSServer\business\test\ConnectionManagerTestCase.cs:321) 
DEBUG 2012-06-13 13:03:49,989 [TestRunnerThread] - INPUT | Burrito POS Server Connected. Enter Username: : (C:\Users\james.bloom\Documents\Visual Studio 2010\Projects\BurritoPOSServer\BurritoPOSServer\business\test\ConnectionManagerTestCase.cs:329) 
DEBUG 2012-06-13 13:03:49,989 [TestRunnerThread] - OUPUT | JimB : (C:\Users\james.bloom\Documents\Visual Studio 2010\Projects\BurritoPOSServer\BurritoPOSServer\business\test\ConnectionManagerTestCase.cs:307) 
DEBUG 2012-06-13 13:03:49,989 [TestRunnerThread] - In readObject : (C:\Users\james.bloom\Documents\Visual Studio 2010\Projects\BurritoPOSServer\BurritoPOSServer\business\test\ConnectionManagerTestCase.cs:321) 
DEBUG 2012-06-13 13:03:49,991 [Socket Thread 1] - INPUT | JimB : (C:\Users\james.bloom\Documents\Visual Studio 2010\Projects\BurritoPOSServer\BurritoPOSServer\business\SocketManager.cs:170) 
DEBUG 2012-06-13 13:03:49,991 [Socket Thread 1] - In public status update | msg:   - 192.168.117.1:59546 | INPUT | JimB : (C:\Users\james.bloom\Documents\Visual Studio 2010\Projects\BurritoPOSServer\BurritoPOSServer\business\ConnectionManager.cs:155) 
DEBUG 2012-06-13 13:03:49,992 [Socket Thread 1] - OUPUT | OK User JimB, enter password:  : (C:\Users\james.bloom\Documents\Visual Studio 2010\Projects\BurritoPOSServer\BurritoPOSServer\business\SocketManager.cs:144) 
DEBUG 2012-06-13 13:03:49,992 [Socket Thread 1] - In public status update | msg:   - 192.168.117.1:59546 | OUTPUT | OK User JimB, enter password:  : (C:\Users\james.bloom\Documents\Visual Studio 2010\Projects\BurritoPOSServer\BurritoPOSServer\business\ConnectionManager.cs:155) 
DEBUG 2012-06-13 13:03:49,992 [Socket Thread 1] - In readObject : (C:\Users\james.bloom\Documents\Visual Studio 2010\Projects\BurritoPOSServer\BurritoPOSServer\business\SocketManager.cs:161) 
DEBUG 2012-06-13 13:03:49,993 [TestRunnerThread] - INPUT | OK User JimB, enter password: : (C:\Users\james.bloom\Documents\Visual Studio 2010\Projects\BurritoPOSServer\BurritoPOSServer\business\test\ConnectionManagerTestCase.cs:329) 
DEBUG 2012-06-13 13:03:49,993 [TestRunnerThread] - OUPUT | pass123 : (C:\Users\james.bloom\Documents\Visual Studio 2010\Projects\BurritoPOSServer\BurritoPOSServer\business\test\ConnectionManagerTestCase.cs:307) 
DEBUG 2012-06-13 13:03:49,994 [TestRunnerThread] - In readObject : (C:\Users\james.bloom\Documents\Visual Studio 2010\Projects\BurritoPOSServer\BurritoPOSServer\business\test\ConnectionManagerTestCase.cs:321) 
DEBUG 2012-06-13 13:03:49,994 [Socket Thread 1] - INPUT | pass123 : (C:\Users\james.bloom\Documents\Visual Studio 2010\Projects\BurritoPOSServer\BurritoPOSServer\business\SocketManager.cs:170) 
DEBUG 2012-06-13 13:03:49,995 [Socket Thread 1] - In public status update | msg:   - 192.168.117.1:59546 | INPUT | pass123 : (C:\Users\james.bloom\Documents\Visual Studio 2010\Projects\BurritoPOSServer\BurritoPOSServer\business\ConnectionManager.cs:155) 
DEBUG 2012-06-13 13:03:49,996 [Socket Thread 1] - Username: JimB | Password: pass123 : (C:\Users\james.bloom\Documents\Visual Studio 2010\Projects\BurritoPOSServer\BurritoPOSServer\business\SocketManager.cs:94) 
DEBUG 2012-06-13 13:03:49,996 [Socket Thread 1] - Stored user: JimB | Password: $2a$10$iOE57E2b3Qc4NT8blmCnjO9Bb0nyHFIa8BX2By7PzillaOTFpW1Hm : (C:\Users\james.bloom\Documents\Visual Studio 2010\Projects\BurritoPOSServer\BurritoPOSServer\business\SocketManager.cs:98) 
DEBUG 2012-06-13 13:03:50,119 [Socket Thread 1] - OUPUT | OK User verified. Enter command:  : (C:\Users\james.bloom\Documents\Visual Studio 2010\Projects\BurritoPOSServer\BurritoPOSServer\business\SocketManager.cs:144) 
DEBUG 2012-06-13 13:03:50,119 [Socket Thread 1] - In public status update | msg:   - 192.168.117.1:59546 | OUTPUT | OK User verified. Enter command:  : (C:\Users\james.bloom\Documents\Visual Studio 2010\Projects\BurritoPOSServer\BurritoPOSServer\business\ConnectionManager.cs:155) 
DEBUG 2012-06-13 13:03:50,119 [Socket Thread 1] - In readObject : (C:\Users\james.bloom\Documents\Visual Studio 2010\Projects\BurritoPOSServer\BurritoPOSServer\business\SocketManager.cs:161) 
DEBUG 2012-06-13 13:03:50,120 [TestRunnerThread] - INPUT | OK User verified. Enter command: : (C:\Users\james.bloom\Documents\Visual Studio 2010\Projects\BurritoPOSServer\BurritoPOSServer\business\test\ConnectionManagerTestCase.cs:329) 
DEBUG 2012-06-13 13:03:50,120 [TestRunnerThread] - OUPUT | exit : (C:\Users\james.bloom\Documents\Visual Studio 2010\Projects\BurritoPOSServer\BurritoPOSServer\business\test\ConnectionManagerTestCase.cs:307) 
DEBUG 2012-06-13 13:03:50,120 [Socket Thread 1] - INPUT | exit : (C:\Users\james.bloom\Documents\Visual Studio 2010\Projects\BurritoPOSServer\BurritoPOSServer\business\SocketManager.cs:170) 
DEBUG 2012-06-13 13:03:50,120 [Socket Thread 1] - In public status update | msg:   - 192.168.117.1:59546 | INPUT | exit : (C:\Users\james.bloom\Documents\Visual Studio 2010\Projects\BurritoPOSServer\BurritoPOSServer\business\ConnectionManager.cs:155) 
DEBUG 2012-06-13 13:03:50,121 [Socket Thread 1] - setExit: True : (C:\Users\james.bloom\Documents\Visual Studio 2010\Projects\BurritoPOSServer\BurritoPOSServer\business\SocketManager.cs:202) 
DEBUG 2012-06-13 13:03:50,121 [Socket Thread 1] - In public status update | msg:   - 192.168.117.1:59546 | Disconnecting client : (C:\Users\james.bloom\Documents\Visual Studio 2010\Projects\BurritoPOSServer\BurritoPOSServer\business\ConnectionManager.cs:155) 
DEBUG 2012-06-13 13:03:50,120 [TestRunnerThread] - setting exit: True : (C:\Users\james.bloom\Documents\Visual Studio 2010\Projects\BurritoPOSServer\BurritoPOSServer\business\ConnectionManager.cs:137) 
DEBUG 2012-06-13 13:03:50,122 [Server Thread] - setExit: True : (C:\Users\james.bloom\Documents\Visual Studio 2010\Projects\BurritoPOSServer\BurritoPOSServer\business\SocketManager.cs:202) 
DEBUG 2012-06-13 13:03:50,123 [Server Thread] - Closing the listener... : (C:\Users\james.bloom\Documents\Visual Studio 2010\Projects\BurritoPOSServer\BurritoPOSServer\business\ConnectionManager.cs:87) 
DEBUG 2012-06-13 13:03:50,122 [TestRunnerThread] - Set exit.  Sleeping 3 secs before checking status : (C:\Users\james.bloom\Documents\Visual Studio 2010\Projects\BurritoPOSServer\BurritoPOSServer\business\test\ConnectionManagerTestCase.cs:277) 
 INFO 2012-06-13 13:03:53,124 [TestRunnerThread] - Entering method deleteUser | ID:1 : (C:\Users\james.bloom\Documents\Visual Studio 2010\Projects\BurritoPOSServer\BurritoPOSServer\service\Mongo\UserSvcMongoImpl.cs:174) 
DEBUG 2012-06-13 13:03:53,127 [TestRunnerThread] - SafeModeResult: True : (C:\Users\james.bloom\Documents\Visual Studio 2010\Projects\BurritoPOSServer\BurritoPOSServer\service\Mongo\UserSvcMongoImpl.cs:191) 
DEBUG 2012-06-13 13:03:56,179 [TestRunnerThread] - curKey: IUserSvcvalue: BurritoPOSServer.service.Mongo.UserSvcMongoImplhashmap size: 1 : (C:\Users\james.bloom\Documents\Visual Studio 2010\Projects\BurritoPOSServer\BurritoPOSServer\service\Factory.cs:131) 
DEBUG 2012-06-13 13:03:56,310 [TestRunnerThread] - In getServicename: IUserSvc : (C:\Users\james.bloom\Documents\Visual Studio 2010\Projects\BurritoPOSServer\BurritoPOSServer\service\Factory.cs:65) 
DEBUG 2012-06-13 13:03:56,311 [TestRunnerThread] - Got BurritoPOSServer.service.Mongo.UserSvcMongoImpl from properties.xml file for name: IUserSvc : (C:\Users\james.bloom\Documents\Visual Studio 2010\Projects\BurritoPOSServer\BurritoPOSServer\service\Factory.cs:94) 
 INFO 2012-06-13 13:03:56,315 [TestRunnerThread] - Entering method storeUser | ID: 1 : (C:\Users\james.bloom\Documents\Visual Studio 2010\Projects\BurritoPOSServer\BurritoPOSServer\service\Mongo\UserSvcMongoImpl.cs:104) 
DEBUG 2012-06-13 13:03:56,315 [TestRunnerThread] - Finding if user exists : (C:\Users\james.bloom\Documents\Visual Studio 2010\Projects\BurritoPOSServer\BurritoPOSServer\service\Mongo\UserSvcMongoImpl.cs:119) 
DEBUG 2012-06-13 13:03:56,316 [TestRunnerThread] - Inserting user : (C:\Users\james.bloom\Documents\Visual Studio 2010\Projects\BurritoPOSServer\BurritoPOSServer\service\Mongo\UserSvcMongoImpl.cs:128) 
 INFO 2012-06-13 13:03:56,316 [TestRunnerThread] - Entering method getUser | ID: 1 : (C:\Users\james.bloom\Documents\Visual Studio 2010\Projects\BurritoPOSServer\BurritoPOSServer\service\Mongo\UserSvcMongoImpl.cs:53) 
DEBUG 2012-06-13 13:03:56,317 [TestRunnerThread] - myDoc: { "_id" : ObjectId("4fd8e41c559a4e0d04681da4"), "id" : 1, "username" : "JimB", "password" : "$2a$10$y6ArZz7Uw46kehGVbWe/3uY/CiOqHMFyl3LWFA14oJpIYtvdkehpW" } : (C:\Users\james.bloom\Documents\Visual Studio 2010\Projects\BurritoPOSServer\BurritoPOSServer\service\Mongo\UserSvcMongoImpl.cs:75) 
DEBUG 2012-06-13 13:03:56,317 [TestRunnerThread] - Finishing setting user : (C:\Users\james.bloom\Documents\Visual Studio 2010\Projects\BurritoPOSServer\BurritoPOSServer\service\Mongo\UserSvcMongoImpl.cs:80) 
 INFO 2012-06-13 13:03:56,561 [TestRunnerThread] - Entering method storeUser | ID: 1 : (C:\Users\james.bloom\Documents\Visual Studio 2010\Projects\BurritoPOSServer\BurritoPOSServer\service\Mongo\UserSvcMongoImpl.cs:104) 
DEBUG 2012-06-13 13:03:56,561 [TestRunnerThread] - Finding if user exists : (C:\Users\james.bloom\Documents\Visual Studio 2010\Projects\BurritoPOSServer\BurritoPOSServer\service\Mongo\UserSvcMongoImpl.cs:119) 
DEBUG 2012-06-13 13:03:56,563 [TestRunnerThread] - Updating user : (C:\Users\james.bloom\Documents\Visual Studio 2010\Projects\BurritoPOSServer\BurritoPOSServer\service\Mongo\UserSvcMongoImpl.cs:137) 
DEBUG 2012-06-13 13:03:56,563 [TestRunnerThread] - myDoc: { "_id" : ObjectId("4fd8e41c559a4e0d04681da4"), "id" : 1, "username" : "JimB", "password" : "$2a$10$y6ArZz7Uw46kehGVbWe/3uY/CiOqHMFyl3LWFA14oJpIYtvdkehpW" } : (C:\Users\james.bloom\Documents\Visual Studio 2010\Projects\BurritoPOSServer\BurritoPOSServer\service\Mongo\UserSvcMongoImpl.cs:138) 
DEBUG 2012-06-13 13:03:56,564 [TestRunnerThread] - update Query: { "id" : 1, "username" : "JimB", "password" : "$2a$10$2zn8uMU0TrCYVMMNLIKy9.jpLdiuMgVEKQDANGsEvLORTSt7lGBqG" } : (C:\Users\james.bloom\Documents\Visual Studio 2010\Projects\BurritoPOSServer\BurritoPOSServer\service\Mongo\UserSvcMongoImpl.cs:140) 
DEBUG 2012-06-13 13:03:56,569 [TestRunnerThread] - SafeModeResult: True : (C:\Users\james.bloom\Documents\Visual Studio 2010\Projects\BurritoPOSServer\BurritoPOSServer\service\Mongo\UserSvcMongoImpl.cs:143) 
 INFO 2012-06-13 13:03:56,569 [TestRunnerThread] - Entering method deleteUser | ID:1 : (C:\Users\james.bloom\Documents\Visual Studio 2010\Projects\BurritoPOSServer\BurritoPOSServer\service\Mongo\UserSvcMongoImpl.cs:174) 
DEBUG 2012-06-13 13:03:56,569 [TestRunnerThread] - SafeModeResult: True : (C:\Users\james.bloom\Documents\Visual Studio 2010\Projects\BurritoPOSServer\BurritoPOSServer\service\Mongo\UserSvcMongoImpl.cs:191) 
